0 info it worked if it ends with ok
1 verbose cli [ 'C:\\Program Files\\nodejs\\\\node.exe',
1 verbose cli   'C:\\Program Files\\nodejs\\node_modules\\npm\\bin\\npm-cli.js',
1 verbose cli   'install' ]
2 info using npm@1.3.2
3 info using node@v0.10.13
4 verbose node symlink C:\Program Files\nodejs\\node.exe
5 error install Couldn't read dependencies
6 error Error: ENOENT, open 'D:\a502928\Proyectos\AngularJS\GitHub\angularjs-meetup\package.json'
7 error If you need help, you may report this log at:
7 error     <http://github.com/isaacs/npm/issues>
7 error or email it to:
7 error     <npm-@googlegroups.com>
8 error System Windows_NT 6.1.7601
9 error command "C:\\Program Files\\nodejs\\\\node.exe" "C:\\Program Files\\nodejs\\node_modules\\npm\\bin\\npm-cli.js" "install"
10 error cwd D:\a502928\Proyectos\AngularJS\GitHub\angularjs-meetup
11 error node -v v0.10.13
12 error npm -v 1.3.2
13 error path D:\a502928\Proyectos\AngularJS\GitHub\angularjs-meetup\package.json
14 error code ENOENT
15 error errno 34
16 verbose exit [ 34, true ]
